  lista 4.cpp
C:\Users\Marco Antonio\source\Repos\potatosenior\lista-4\lista 4\lista 4.cpp(1668,17): warning C4473: 'scanf_s' : não há argumentos suficientes transmitidos para a cadeia de caracteres de formato
C:\Users\Marco Antonio\source\Repos\potatosenior\lista-4\lista 4\lista 4.cpp(1668,17): message : espaços reservados e seus parâmetros esperam 2 argumentos variadic, mas 1 foram fornecidos
C:\Users\Marco Antonio\source\Repos\potatosenior\lista-4\lista 4\lista 4.cpp(1668,17): message : o argumento variadic 2 ausente é requerido pela cadeia de formato '%c'
C:\Users\Marco Antonio\source\Repos\potatosenior\lista-4\lista 4\lista 4.cpp(1668,17): message : esse argumento é usado como um tamanho do buffer
C:\Users\Marco Antonio\source\Repos\potatosenior\lista-4\lista 4\lista 4.cpp(1676,16): warning C4473: 'scanf_s' : não há argumentos suficientes transmitidos para a cadeia de caracteres de formato
C:\Users\Marco Antonio\source\Repos\potatosenior\lista-4\lista 4\lista 4.cpp(1676,16): message : espaços reservados e seus parâmetros esperam 2 argumentos variadic, mas 1 foram fornecidos
C:\Users\Marco Antonio\source\Repos\potatosenior\lista-4\lista 4\lista 4.cpp(1676,16): message : o argumento variadic 2 ausente é requerido pela cadeia de formato '%c'
C:\Users\Marco Antonio\source\Repos\potatosenior\lista-4\lista 4\lista 4.cpp(1676,16): message : esse argumento é usado como um tamanho do buffer
C:\Users\Marco Antonio\source\Repos\potatosenior\lista-4\lista 4\lista 4.cpp(1718,17): warning C4473: 'scanf_s' : não há argumentos suficientes transmitidos para a cadeia de caracteres de formato
C:\Users\Marco Antonio\source\Repos\potatosenior\lista-4\lista 4\lista 4.cpp(1718,17): message : espaços reservados e seus parâmetros esperam 2 argumentos variadic, mas 1 foram fornecidos
C:\Users\Marco Antonio\source\Repos\potatosenior\lista-4\lista 4\lista 4.cpp(1718,17): message : o argumento variadic 2 ausente é requerido pela cadeia de formato '%c'
C:\Users\Marco Antonio\source\Repos\potatosenior\lista-4\lista 4\lista 4.cpp(1718,17): message : esse argumento é usado como um tamanho do buffer
C:\Users\Marco Antonio\source\Repos\potatosenior\lista-4\lista 4\lista 4.cpp(1726,16): warning C4473: 'scanf_s' : não há argumentos suficientes transmitidos para a cadeia de caracteres de formato
C:\Users\Marco Antonio\source\Repos\potatosenior\lista-4\lista 4\lista 4.cpp(1726,16): message : espaços reservados e seus parâmetros esperam 2 argumentos variadic, mas 1 foram fornecidos
C:\Users\Marco Antonio\source\Repos\potatosenior\lista-4\lista 4\lista 4.cpp(1726,16): message : o argumento variadic 2 ausente é requerido pela cadeia de formato '%c'
C:\Users\Marco Antonio\source\Repos\potatosenior\lista-4\lista 4\lista 4.cpp(1726,16): message : esse argumento é usado como um tamanho do buffer
C:\Users\Marco Antonio\source\Repos\potatosenior\lista-4\lista 4\lista 4.cpp(1658,26): warning C4101: 'lixo': variável local não referenciada
C:\Users\Marco Antonio\source\Repos\potatosenior\lista-4\lista 4\lista 4.cpp(1659,11): warning C4101: 'resultado': variável local não referenciada
C:\Users\Marco Antonio\source\Repos\potatosenior\lista-4\lista 4\lista 4.cpp(1705,26): warning C4101: 'lixo': variável local não referenciada
C:\Users\Marco Antonio\source\Repos\potatosenior\lista-4\lista 4\lista 4.cpp(1706,11): warning C4101: 'resultado': variável local não referenciada
  lista 4.vcxproj -> C:\Users\Marco Antonio\source\Repos\potatosenior\lista-4\lista 4\x64\Debug\lista 4.exe
